d:\degreey3s1\bmcs3003 distributed systems and parallel computing\assignment\nbody_parallel\nbody_cuda_sharedm\nbody_cuda_sharedm\x64\debug\vc142.pdb
d:\degreey3s1\bmcs3003 distributed systems and parallel computing\assignment\nbody_parallel\nbody_cuda_sharedm\nbody_cuda_sharedm\x64\debug\vc142.idb
d:\degreey3s1\bmcs3003 distributed systems and parallel computing\assignment\nbody_parallel\nbody_cuda_sharedm\nbody_cuda_sharedm\x64\debug\simulation.obj
d:\degreey3s1\bmcs3003 distributed systems and parallel computing\assignment\nbody_parallel\nbody_cuda_sharedm\nbody_cuda_sharedm\x64\debug\body.obj
d:\degreey3s1\bmcs3003 distributed systems and parallel computing\assignment\nbody_parallel\nbody_cuda_sharedm\x64\debug\nbody_cuda_sharedm.exe
d:\degreey3s1\bmcs3003 distributed systems and parallel computing\assignment\nbody_parallel\nbody_cuda_sharedm\nbody_cuda_sharedm\x64\debug\nbody_cuda_sharedm.ilk
d:\degreey3s1\bmcs3003 distributed systems and parallel computing\assignment\nbody_parallel\nbody_cuda_sharedm\x64\debug\nbody_cuda_sharedm.pdb
d:\degreey3s1\bmcs3003 distributed systems and parallel computing\assignment\nbody_parallel\nbody_cuda_sharedm\x64\debug\nbody_cuda_sharedm.lib
d:\degreey3s1\bmcs3003 distributed systems and parallel computing\assignment\nbody_parallel\nbody_cuda_sharedm\x64\debug\nbody_cuda_sharedm.exp
d:\degreey3s1\bmcs3003 distributed systems and parallel computing\assignment\nbody_parallel\nbody_cuda_sharedm\nbody_cuda_sharedm\x64\debug\kernel.cu.cache
d:\degreey3s1\bmcs3003 distributed systems and parallel computing\assignment\nbody_parallel\nbody_cuda_sharedm\nbody_cuda_sharedm\x64\debug\kernel.cu.obj
d:\degreey3s1\bmcs3003 distributed systems and parallel computing\assignment\nbody_parallel\nbody_cuda_sharedm\nbody_cuda_sharedm\x64\debug\nbody_cu.fbddc72e.tlog\cl.command.1.tlog
d:\degreey3s1\bmcs3003 distributed systems and parallel computing\assignment\nbody_parallel\nbody_cuda_sharedm\nbody_cuda_sharedm\x64\debug\nbody_cu.fbddc72e.tlog\cl.read.1.tlog
d:\degreey3s1\bmcs3003 distributed systems and parallel computing\assignment\nbody_parallel\nbody_cuda_sharedm\nbody_cuda_sharedm\x64\debug\nbody_cu.fbddc72e.tlog\cl.write.1.tlog
d:\degreey3s1\bmcs3003 distributed systems and parallel computing\assignment\nbody_parallel\nbody_cuda_sharedm\nbody_cuda_sharedm\x64\debug\nbody_cu.fbddc72e.tlog\cudacompile.read.1u.tlog
d:\degreey3s1\bmcs3003 distributed systems and parallel computing\assignment\nbody_parallel\nbody_cuda_sharedm\nbody_cuda_sharedm\x64\debug\nbody_cu.fbddc72e.tlog\cudacompile.write.1u.tlog
d:\degreey3s1\bmcs3003 distributed systems and parallel computing\assignment\nbody_parallel\nbody_cuda_sharedm\nbody_cuda_sharedm\x64\debug\nbody_cu.fbddc72e.tlog\link.command.1.tlog
d:\degreey3s1\bmcs3003 distributed systems and parallel computing\assignment\nbody_parallel\nbody_cuda_sharedm\nbody_cuda_sharedm\x64\debug\nbody_cu.fbddc72e.tlog\link.read.1.tlog
d:\degreey3s1\bmcs3003 distributed systems and parallel computing\assignment\nbody_parallel\nbody_cuda_sharedm\nbody_cuda_sharedm\x64\debug\nbody_cu.fbddc72e.tlog\link.write.1.tlog
d:\degreey3s1\bmcs3003 distributed systems and parallel computing\assignment\nbody_parallel\nbody_cuda_sharedm\nbody_cuda_sharedm\x64\debug\nbody_cu.fbddc72e.tlog\nbody_cuda_sharedm.write.1u.tlog
