C:\Program Files (x86)\Microsoft Visual Studio\2019\Enterprise\MSBuild\Microsoft\VC\v160\Microsoft.CppBuild.targets(491,5): warning MSB8028: The intermediate directory (x64\Debug\) contains files shared from another project (N-BODY_CUDA.vcxproj).  This can lead to incorrect clean and rebuild behavior.
  Compiling CUDA source file kernel.cu...
  
  C:\Users\User\Desktop\nbody_parallel\nbody_cuda_sharedM\nbody_cuda_sharedM>"C:\Program Files\NVIDIA GPU Computing Toolkit\CUDA\v11.2\bin\nvcc.exe" -gencode=arch=compute_52,code=\"sm_52,compute_52\" --use-local-env -ccbin "C:\Program Files (x86)\Microsoft Visual Studio\2019\Enterprise\VC\Tools\MSVC\14.28.29333\bin\HostX86\x64" -x cu   -I"C:\SFML-2.5.1x64\include" -I"C:\Program Files\NVIDIA GPU Computing Toolkit\CUDA\v11.2\include" -IC:\Users\User\Desktop\nbody_parallel\common -IC:\Users\User\Desktop\nbody_parallel\nbody_cuda_sharedM\Header -I"C:\Program Files\NVIDIA GPU Computing Toolkit\CUDA\v11.2\include"  -G   --keep-dir x64\Debug  -maxrregcount=0  --machine 64 --compile -cudart static  -g  -DWIN32 -DWIN64 -D_DEBUG -D_CONSOLE -D_MBCS -Xcompiler "/EHsc /W3 /nologo /Od /Fdx64\Debug\vc142.pdb /FS /Zi /RTC1 /MDd " -o x64\Debug\kernel.cu.obj "C:\Users\User\Desktop\nbody_parallel\nbody_cuda_sharedM\nbody_cuda_sharedM\kernel.cu" 
  math_functions.h is an internal header file and must not be used directly.  This file will be removed in a future CUDA release.  Please use cuda_runtime_api.h or cuda_runtime.h instead.
C:\SFML-2.5.1x64\include\SFML/System/String.hpp(527): warning : field of class type without a DLL interface used in a class with a DLL interface
  
C:\SFML-2.5.1x64\include\SFML/Window/Window.hpp(549): warning : field of class type without a DLL interface used in a class with a DLL interface
  
C:\SFML-2.5.1x64\include\SFML/Graphics/Transformable.hpp(319): warning : field of class type without a DLL interface used in a class with a DLL interface
  
C:\SFML-2.5.1x64\include\SFML/Graphics/Transformable.hpp(320): warning : field of class type without a DLL interface used in a class with a DLL interface
  
C:\SFML-2.5.1x64\include\SFML/Graphics/Transformable.hpp(322): warning : field of class type without a DLL interface used in a class with a DLL interface
  
C:\SFML-2.5.1x64\include\SFML/Graphics/Vertex.hpp(97): warning : field of class type without a DLL interface used in a class with a DLL interface
  
C:\SFML-2.5.1x64\include\SFML/Graphics/Vertex.hpp(99): warning : field of class type without a DLL interface used in a class with a DLL interface
  
C:\SFML-2.5.1x64\include\SFML/Graphics/VertexArray.hpp(190): warning : field of class type without a DLL interface used in a class with a DLL interface
  
C:\SFML-2.5.1x64\include\SFML/Graphics/Shape.hpp(309): warning : field of class type without a DLL interface used in a class with a DLL interface
  
C:\SFML-2.5.1x64\include\SFML/Graphics/Shape.hpp(315): warning : field of class type without a DLL interface used in a class with a DLL interface
  
C:\SFML-2.5.1x64\include\SFML/Graphics/Shape.hpp(316): warning : field of class type without a DLL interface used in a class with a DLL interface
  
C:\SFML-2.5.1x64\include\SFML/Graphics/ConvexShape.hpp(115): warning : field of class type without a DLL interface used in a class with a DLL interface
  
C:\SFML-2.5.1x64\include\SFML/Graphics/Glyph.hpp(55): warning : field of class type without a DLL interface used in a class with a DLL interface
  
C:\SFML-2.5.1x64\include\SFML/Graphics/Glyph.hpp(56): warning : field of class type without a DLL interface used in a class with a DLL interface
  
C:\SFML-2.5.1x64\include\SFML/Graphics/Image.hpp(266): warning : field of class type without a DLL interface used in a class with a DLL interface
  
C:\SFML-2.5.1x64\include\SFML/Graphics/Image.hpp(267): warning : field of class type without a DLL interface used in a class with a DLL interface
  
C:\SFML-2.5.1x64\include\SFML/Graphics/Texture.hpp(619): warning : field of class type without a DLL interface used in a class with a DLL interface
  
C:\SFML-2.5.1x64\include\SFML/Graphics/Texture.hpp(620): warning : field of class type without a DLL interface used in a class with a DLL interface
  
C:\SFML-2.5.1x64\include\SFML/Graphics/Font.hpp(354): warning : field of class type without a DLL interface used in a class with a DLL interface
  
C:\SFML-2.5.1x64\include\SFML/Graphics/Font.hpp(355): warning : field of class type without a DLL interface used in a class with a DLL interface
  
C:\SFML-2.5.1x64\include\SFML/Graphics/Font.hpp(356): warning : field of class type without a DLL interface used in a class with a DLL interface
  
C:\SFML-2.5.1x64\include\SFML/Graphics/RectangleShape.hpp(102): warning : field of class type without a DLL interface used in a class with a DLL interface
  
C:\SFML-2.5.1x64\include\SFML/Graphics/View.hpp(272): warning : field of class type without a DLL interface used in a class with a DLL interface
  
C:\SFML-2.5.1x64\include\SFML/Graphics/View.hpp(273): warning : field of class type without a DLL interface used in a class with a DLL interface
  
C:\SFML-2.5.1x64\include\SFML/Graphics/View.hpp(275): warning : field of class type without a DLL interface used in a class with a DLL interface
  
C:\SFML-2.5.1x64\include\SFML/Graphics/RenderTarget.hpp(476): warning : field of class type without a DLL interface used in a class with a DLL interface
  
C:\SFML-2.5.1x64\include\SFML/Graphics/Shader.hpp(750): warning : field of class type without a DLL interface used in a class with a DLL interface
  
C:\SFML-2.5.1x64\include\SFML/Graphics/Shader.hpp(751): warning : field of class type without a DLL interface used in a class with a DLL interface
  
C:\SFML-2.5.1x64\include\SFML/Graphics/Sprite.hpp(220): warning : field of class type without a DLL interface used in a class with a DLL interface
  
C:\SFML-2.5.1x64\include\SFML/Graphics/Text.hpp(449): warning : field of class type without a DLL interface used in a class with a DLL interface
  
C:\SFML-2.5.1x64\include\SFML/System/String.hpp(527): warning : field of class type without a DLL interface used in a class with a DLL interface
  
C:\SFML-2.5.1x64\include\SFML/Window/Window.hpp(549): warning : field of class type without a DLL interface used in a class with a DLL interface
  
C:\SFML-2.5.1x64\include\SFML/Graphics/Transformable.hpp(319): warning : field of class type without a DLL interface used in a class with a DLL interface
  
C:\SFML-2.5.1x64\include\SFML/Graphics/Transformable.hpp(320): warning : field of class type without a DLL interface used in a class with a DLL interface
  
C:\SFML-2.5.1x64\include\SFML/Graphics/Transformable.hpp(322): warning : field of class type without a DLL interface used in a class with a DLL interface
  
C:\SFML-2.5.1x64\include\SFML/Graphics/Vertex.hpp(97): warning : field of class type without a DLL interface used in a class with a DLL interface
  
C:\SFML-2.5.1x64\include\SFML/Graphics/Vertex.hpp(99): warning : field of class type without a DLL interface used in a class with a DLL interface
  
C:\SFML-2.5.1x64\include\SFML/Graphics/VertexArray.hpp(190): warning : field of class type without a DLL interface used in a class with a DLL interface
  
C:\SFML-2.5.1x64\include\SFML/Graphics/Shape.hpp(309): warning : field of class type without a DLL interface used in a class with a DLL interface
  
C:\SFML-2.5.1x64\include\SFML/Graphics/Shape.hpp(315): warning : field of class type without a DLL interface used in a class with a DLL interface
  
C:\SFML-2.5.1x64\include\SFML/Graphics/Shape.hpp(316): warning : field of class type without a DLL interface used in a class with a DLL interface
  
C:\SFML-2.5.1x64\include\SFML/Graphics/ConvexShape.hpp(115): warning : field of class type without a DLL interface used in a class with a DLL interface
  
C:\SFML-2.5.1x64\include\SFML/Graphics/Glyph.hpp(55): warning : field of class type without a DLL interface used in a class with a DLL interface
  
C:\SFML-2.5.1x64\include\SFML/Graphics/Glyph.hpp(56): warning : field of class type without a DLL interface used in a class with a DLL interface
  
C:\SFML-2.5.1x64\include\SFML/Graphics/Image.hpp(266): warning : field of class type without a DLL interface used in a class with a DLL interface
  
C:\SFML-2.5.1x64\include\SFML/Graphics/Image.hpp(267): warning : field of class type without a DLL interface used in a class with a DLL interface
  
C:\SFML-2.5.1x64\include\SFML/Graphics/Texture.hpp(619): warning : field of class type without a DLL interface used in a class with a DLL interface
  
C:\SFML-2.5.1x64\include\SFML/Graphics/Texture.hpp(620): warning : field of class type without a DLL interface used in a class with a DLL interface
  
C:\SFML-2.5.1x64\include\SFML/Graphics/Font.hpp(354): warning : field of class type without a DLL interface used in a class with a DLL interface
  
C:\SFML-2.5.1x64\include\SFML/Graphics/Font.hpp(355): warning : field of class type without a DLL interface used in a class with a DLL interface
  
C:\SFML-2.5.1x64\include\SFML/Graphics/Font.hpp(356): warning : field of class type without a DLL interface used in a class with a DLL interface
  
C:\SFML-2.5.1x64\include\SFML/Graphics/RectangleShape.hpp(102): warning : field of class type without a DLL interface used in a class with a DLL interface
  
C:\SFML-2.5.1x64\include\SFML/Graphics/View.hpp(272): warning : field of class type without a DLL interface used in a class with a DLL interface
  
C:\SFML-2.5.1x64\include\SFML/Graphics/View.hpp(273): warning : field of class type without a DLL interface used in a class with a DLL interface
  
C:\SFML-2.5.1x64\include\SFML/Graphics/View.hpp(275): warning : field of class type without a DLL interface used in a class with a DLL interface
  
C:\SFML-2.5.1x64\include\SFML/Graphics/RenderTarget.hpp(476): warning : field of class type without a DLL interface used in a class with a DLL interface
  
C:\SFML-2.5.1x64\include\SFML/Graphics/Shader.hpp(750): warning : field of class type without a DLL interface used in a class with a DLL interface
  
C:\SFML-2.5.1x64\include\SFML/Graphics/Shader.hpp(751): warning : field of class type without a DLL interface used in a class with a DLL interface
  
C:\SFML-2.5.1x64\include\SFML/Graphics/Sprite.hpp(220): warning : field of class type without a DLL interface used in a class with a DLL interface
  
C:\SFML-2.5.1x64\include\SFML/Graphics/Text.hpp(449): warning : field of class type without a DLL interface used in a class with a DLL interface
  
  kernel.cu
C:\Users\User\Desktop\nbody_parallel\common\Util.h(20): warning C4244: 'argument': conversion from 'double' to 'float', possible loss of data
C:\Users\User\Desktop\nbody_parallel\common\Util.h(49): warning C4244: '=': conversion from 'double' to 'sf::Uint8', possible loss of data
C:\Users\User\Desktop\nbody_parallel\common\Util.h(50): warning C4244: '=': conversion from 'double' to 'sf::Uint8', possible loss of data
C:\Users\User\Desktop\nbody_parallel\common\Util.h(51): warning C4244: '=': conversion from 'double' to 'sf::Uint8', possible loss of data
C:\Users\User\Desktop\nbody_parallel\common\Util.h(52): warning C4244: '=': conversion from 'double' to 'sf::Uint8', possible loss of data
C:\Users\User\Desktop\nbody_parallel\common\Util.h(58): warning C4244: 'return': conversion from 'double' to 'unsigned char', possible loss of data
  math_functions.h is an internal header file and must not be used directly.  This file will be removed in a future CUDA release.  Please use cuda_runtime_api.h or cuda_runtime.h instead.
  Body.cpp
C:\Users\User\Desktop\nbody_parallel\common\Util.h(20,32): warning C4244: 'argument': conversion from 'double' to 'float', possible loss of data
C:\Users\User\Desktop\nbody_parallel\common\Util.h(49,41): warning C4244: '=': conversion from 'double' to 'sf::Uint8', possible loss of data
C:\Users\User\Desktop\nbody_parallel\common\Util.h(50,61): warning C4244: '=': conversion from 'double' to 'sf::Uint8', possible loss of data
C:\Users\User\Desktop\nbody_parallel\common\Util.h(51,39): warning C4244: '=': conversion from 'double' to 'sf::Uint8', possible loss of data
C:\Users\User\Desktop\nbody_parallel\common\Util.h(52,20): warning C4244: '=': conversion from 'double' to 'sf::Uint8', possible loss of data
C:\Users\User\Desktop\nbody_parallel\common\Util.h(58,16): warning C4244: 'return': conversion from 'double' to 'unsigned char', possible loss of data
  Simulation.cpp
C:\Users\User\Desktop\nbody_parallel\common\Util.h(20,32): warning C4244: 'argument': conversion from 'double' to 'float', possible loss of data
C:\Users\User\Desktop\nbody_parallel\common\Util.h(49,41): warning C4244: '=': conversion from 'double' to 'sf::Uint8', possible loss of data
C:\Users\User\Desktop\nbody_parallel\common\Util.h(50,61): warning C4244: '=': conversion from 'double' to 'sf::Uint8', possible loss of data
C:\Users\User\Desktop\nbody_parallel\common\Util.h(51,39): warning C4244: '=': conversion from 'double' to 'sf::Uint8', possible loss of data
C:\Users\User\Desktop\nbody_parallel\common\Util.h(52,20): warning C4244: '=': conversion from 'double' to 'sf::Uint8', possible loss of data
C:\Users\User\Desktop\nbody_parallel\common\Util.h(58,16): warning C4244: 'return': conversion from 'double' to 'unsigned char', possible loss of data
C:\Users\User\Desktop\nbody_parallel\nbody_cuda_sharedM\nbody_cuda_sharedM\Simulation.cpp(18,43): warning C4244: 'argument': conversion from 'unsigned int' to 'T', possible loss of data
          with
          [
              T=float
          ]
C:\Users\User\Desktop\nbody_parallel\nbody_cuda_sharedM\nbody_cuda_sharedM\Simulation.cpp(18,35): warning C4244: 'argument': conversion from 'unsigned int' to 'T', possible loss of data
          with
          [
              T=float
          ]
C:\Users\User\Desktop\nbody_parallel\nbody_cuda_sharedM\nbody_cuda_sharedM\Simulation.cpp(110,38): warning C4244: 'argument': conversion from 'int' to 'T', possible loss of data
          with
          [
              T=float
          ]
C:\Users\User\Desktop\nbody_parallel\nbody_cuda_sharedM\nbody_cuda_sharedM\Simulation.cpp(110,35): warning C4244: 'argument': conversion from 'int' to 'T', possible loss of data
          with
          [
              T=float
          ]
C:\Users\User\Desktop\nbody_parallel\nbody_cuda_sharedM\nbody_cuda_sharedM\Simulation.cpp(111,68): warning C4305: 'argument': truncation from 'const double' to 'T'
          with
          [
              T=float
          ]
  Generating Code...
     Creating library C:\Users\User\Desktop\nbody_parallel\nbody_cuda_sharedM\x64\Debug\nBody_cuda_sharedM.lib and object C:\Users\User\Desktop\nbody_parallel\nbody_cuda_sharedM\x64\Debug\nBody_cuda_sharedM.exp
  nbody_cuda_sharedM.vcxproj -> C:\Users\User\Desktop\nbody_parallel\nbody_cuda_sharedM\x64\Debug\nBody_cuda_sharedM.exe
