C:\Program Files (x86)\Microsoft Visual Studio\2019\Community\MSBuild\Microsoft\VC\v160\Microsoft.CppBuild.targets(513,5): warning MSB8028: The intermediate directory (x64\Debug\) contains files shared from another project (N-BODY_CUDA.vcxproj).  This can lead to incorrect clean and rebuild behavior.
  Body.cpp
D:\DegreeY3S1\BMCS3003 Distributed Systems and Parallel Computing\Assignment\nbody_parallel-main\common\Util.h(20,32): warning C4244: 'argument': conversion from 'double' to 'float', possible loss of data
D:\DegreeY3S1\BMCS3003 Distributed Systems and Parallel Computing\Assignment\nbody_parallel-main\common\Util.h(49,41): warning C4244: '=': conversion from 'double' to 'sf::Uint8', possible loss of data
D:\DegreeY3S1\BMCS3003 Distributed Systems and Parallel Computing\Assignment\nbody_parallel-main\common\Util.h(50,61): warning C4244: '=': conversion from 'double' to 'sf::Uint8', possible loss of data
D:\DegreeY3S1\BMCS3003 Distributed Systems and Parallel Computing\Assignment\nbody_parallel-main\common\Util.h(51,39): warning C4244: '=': conversion from 'double' to 'sf::Uint8', possible loss of data
D:\DegreeY3S1\BMCS3003 Distributed Systems and Parallel Computing\Assignment\nbody_parallel-main\common\Util.h(52,20): warning C4244: '=': conversion from 'double' to 'sf::Uint8', possible loss of data
D:\DegreeY3S1\BMCS3003 Distributed Systems and Parallel Computing\Assignment\nbody_parallel-main\common\Util.h(58,16): warning C4244: 'return': conversion from 'double' to 'unsigned char', possible loss of data
  Simulation.cpp
D:\DegreeY3S1\BMCS3003 Distributed Systems and Parallel Computing\Assignment\nbody_parallel-main\common\Util.h(20,32): warning C4244: 'argument': conversion from 'double' to 'float', possible loss of data
D:\DegreeY3S1\BMCS3003 Distributed Systems and Parallel Computing\Assignment\nbody_parallel-main\common\Util.h(49,41): warning C4244: '=': conversion from 'double' to 'sf::Uint8', possible loss of data
D:\DegreeY3S1\BMCS3003 Distributed Systems and Parallel Computing\Assignment\nbody_parallel-main\common\Util.h(50,61): warning C4244: '=': conversion from 'double' to 'sf::Uint8', possible loss of data
D:\DegreeY3S1\BMCS3003 Distributed Systems and Parallel Computing\Assignment\nbody_parallel-main\common\Util.h(51,39): warning C4244: '=': conversion from 'double' to 'sf::Uint8', possible loss of data
D:\DegreeY3S1\BMCS3003 Distributed Systems and Parallel Computing\Assignment\nbody_parallel-main\common\Util.h(52,20): warning C4244: '=': conversion from 'double' to 'sf::Uint8', possible loss of data
D:\DegreeY3S1\BMCS3003 Distributed Systems and Parallel Computing\Assignment\nbody_parallel-main\common\Util.h(58,16): warning C4244: 'return': conversion from 'double' to 'unsigned char', possible loss of data
D:\DegreeY3S1\BMCS3003 Distributed Systems and Parallel Computing\Assignment\nbody_parallel\nbody_cuda\nbody_cuda\Simulation.cpp(18,43): warning C4244: 'argument': conversion from 'unsigned int' to 'T', possible loss of data
          with
          [
              T=float
          ]
D:\DegreeY3S1\BMCS3003 Distributed Systems and Parallel Computing\Assignment\nbody_parallel\nbody_cuda\nbody_cuda\Simulation.cpp(18,35): warning C4244: 'argument': conversion from 'unsigned int' to 'T', possible loss of data
          with
          [
              T=float
          ]
D:\DegreeY3S1\BMCS3003 Distributed Systems and Parallel Computing\Assignment\nbody_parallel\nbody_cuda\nbody_cuda\Simulation.cpp(111,38): warning C4244: 'argument': conversion from 'int' to 'T', possible loss of data
          with
          [
              T=float
          ]
D:\DegreeY3S1\BMCS3003 Distributed Systems and Parallel Computing\Assignment\nbody_parallel\nbody_cuda\nbody_cuda\Simulation.cpp(111,35): warning C4244: 'argument': conversion from 'int' to 'T', possible loss of data
          with
          [
              T=float
          ]
D:\DegreeY3S1\BMCS3003 Distributed Systems and Parallel Computing\Assignment\nbody_parallel\nbody_cuda\nbody_cuda\Simulation.cpp(112,68): warning C4305: 'argument': truncation from 'const double' to 'T'
          with
          [
              T=float
          ]
  Generating Code...
  nbody_cuda.vcxproj -> D:\DegreeY3S1\BMCS3003 Distributed Systems and Parallel Computing\Assignment\nbody_parallel\nbody_cuda\x64\Debug\nBody_cuda.exe
