  Body.cpp
C:\Users\User\Desktop\nbody_parallel\common\Util.h(20,32): warning C4244: 'argument': conversion from 'double' to 'float', possible loss of data
C:\Users\User\Desktop\nbody_parallel\common\Util.h(49,41): warning C4244: '=': conversion from 'double' to 'sf::Uint8', possible loss of data
C:\Users\User\Desktop\nbody_parallel\common\Util.h(50,61): warning C4244: '=': conversion from 'double' to 'sf::Uint8', possible loss of data
C:\Users\User\Desktop\nbody_parallel\common\Util.h(51,39): warning C4244: '=': conversion from 'double' to 'sf::Uint8', possible loss of data
C:\Users\User\Desktop\nbody_parallel\common\Util.h(52,20): warning C4244: '=': conversion from 'double' to 'sf::Uint8', possible loss of data
C:\Users\User\Desktop\nbody_parallel\common\Util.h(58,16): warning C4244: 'return': conversion from 'double' to 'unsigned char', possible loss of data
  Simulation.cpp
C:\Users\User\Desktop\nbody_parallel\common\Util.h(20,32): warning C4244: 'argument': conversion from 'double' to 'float', possible loss of data
C:\Users\User\Desktop\nbody_parallel\common\Util.h(49,41): warning C4244: '=': conversion from 'double' to 'sf::Uint8', possible loss of data
C:\Users\User\Desktop\nbody_parallel\common\Util.h(50,61): warning C4244: '=': conversion from 'double' to 'sf::Uint8', possible loss of data
C:\Users\User\Desktop\nbody_parallel\common\Util.h(51,39): warning C4244: '=': conversion from 'double' to 'sf::Uint8', possible loss of data
C:\Users\User\Desktop\nbody_parallel\common\Util.h(52,20): warning C4244: '=': conversion from 'double' to 'sf::Uint8', possible loss of data
C:\Users\User\Desktop\nbody_parallel\common\Util.h(58,16): warning C4244: 'return': conversion from 'double' to 'unsigned char', possible loss of data
C:\Users\User\Desktop\nbody_parallel\nbody_openmp\nbody_openmp\Simulation.cpp(17,43): warning C4244: 'argument': conversion from 'unsigned int' to 'T', possible loss of data
          with
          [
              T=float
          ]
C:\Users\User\Desktop\nbody_parallel\nbody_openmp\nbody_openmp\Simulation.cpp(17,35): warning C4244: 'argument': conversion from 'unsigned int' to 'T', possible loss of data
          with
          [
              T=float
          ]
C:\Users\User\Desktop\nbody_parallel\nbody_openmp\nbody_openmp\Simulation.cpp(67,34): warning C4018: '>': signed/unsigned mismatch
C:\Users\User\Desktop\nbody_parallel\nbody_openmp\nbody_openmp\Simulation.cpp(69,34): warning C4018: '>': signed/unsigned mismatch
C:\Users\User\Desktop\nbody_parallel\nbody_openmp\nbody_openmp\Simulation.cpp(130,68): warning C4305: 'argument': truncation from 'const double' to 'T'
          with
          [
              T=float
          ]
  Generating Code...
  nbody_openmp.vcxproj -> C:\Users\User\Desktop\nbody_parallel\nbody_openmp\Debug\nbody_openmp.exe
