  main.cpp
  Simulation.cpp
C:\Users\User\Desktop\nbody_parallel\common\Util.h(20,32): warning C4244: 'argument': conversion from 'double' to 'float', possible loss of data
C:\Users\User\Desktop\nbody_parallel\common\Util.h(49,41): warning C4244: '=': conversion from 'double' to 'sf::Uint8', possible loss of data
C:\Users\User\Desktop\nbody_parallel\common\Util.h(50,61): warning C4244: '=': conversion from 'double' to 'sf::Uint8', possible loss of data
C:\Users\User\Desktop\nbody_parallel\common\Util.h(51,39): warning C4244: '=': conversion from 'double' to 'sf::Uint8', possible loss of data
C:\Users\User\Desktop\nbody_parallel\common\Util.h(52,20): warning C4244: '=': conversion from 'double' to 'sf::Uint8', possible loss of data
C:\Users\User\Desktop\nbody_parallel\common\Util.h(58,16): warning C4244: 'return': conversion from 'double' to 'unsigned char', possible loss of data
C:\Users\User\Desktop\nbody_parallel\nbody_BH_mpi\nbody_BH_mpi\Simulation.cpp(50,45): warning C4244: 'argument': conversion from 'unsigned int' to 'T', possible loss of data
          with
          [
              T=float
          ]
C:\Users\User\Desktop\nbody_parallel\nbody_BH_mpi\nbody_BH_mpi\Simulation.cpp(50,37): warning C4244: 'argument': conversion from 'unsigned int' to 'T', possible loss of data
          with
          [
              T=float
          ]
C:\Users\User\Desktop\nbody_parallel\nbody_BH_mpi\nbody_BH_mpi\Simulation.cpp(92,41): warning C4018: '<': signed/unsigned mismatch
C:\Users\User\Desktop\nbody_parallel\nbody_BH_mpi\nbody_BH_mpi\Simulation.cpp(124,43): warning C4244: 'argument': conversion from 'double' to 'T', possible loss of data
          with
          [
              T=float
          ]
C:\Users\User\Desktop\nbody_parallel\nbody_BH_mpi\nbody_BH_mpi\Simulation.cpp(124,32): warning C4244: 'argument': conversion from 'double' to 'T', possible loss of data
          with
          [
              T=float
          ]
C:\Users\User\Desktop\nbody_parallel\nbody_BH_mpi\nbody_BH_mpi\Simulation.cpp(126,48): warning C4244: 'argument': conversion from 'double' to 'T', possible loss of data
          with
          [
              T=float
          ]
C:\Users\User\Desktop\nbody_parallel\nbody_BH_mpi\nbody_BH_mpi\Simulation.cpp(126,37): warning C4244: 'argument': conversion from 'double' to 'T', possible loss of data
          with
          [
              T=float
          ]
C:\Users\User\Desktop\nbody_parallel\nbody_BH_mpi\nbody_BH_mpi\Simulation.cpp(135,40): warning C4244: 'argument': conversion from 'int' to 'T', possible loss of data
          with
          [
              T=float
          ]
C:\Users\User\Desktop\nbody_parallel\nbody_BH_mpi\nbody_BH_mpi\Simulation.cpp(135,37): warning C4244: 'argument': conversion from 'int' to 'T', possible loss of data
          with
          [
              T=float
          ]
C:\Users\User\Desktop\nbody_parallel\nbody_BH_mpi\nbody_BH_mpi\Simulation.cpp(136,70): warning C4305: 'argument': truncation from 'const double' to 'T'
          with
          [
              T=float
          ]
C:\Users\User\Desktop\nbody_parallel\nbody_BH_mpi\nbody_BH_mpi\Simulation.cpp(261,34): warning C4018: '>': signed/unsigned mismatch
C:\Users\User\Desktop\nbody_parallel\nbody_BH_mpi\nbody_BH_mpi\Simulation.cpp(263,34): warning C4018: '>': signed/unsigned mismatch
C:\Users\User\Desktop\nbody_parallel\nbody_BH_mpi\nbody_BH_mpi\Simulation.cpp(331,44): warning C4244: 'argument': conversion from 'double' to 'float', possible loss of data
  Generating Code...
  nbody_BH_mpi.vcxproj -> C:\Users\User\Desktop\nbody_parallel\nbody_BH_mpi\Debug\nbody_BH_mpi.exe
